21:12:39 **** Incremental Build of configuration Debug for project SysTick_Polling ****
make -j8 all 
arm-none-eabi-gcc "../Src/main.c" -mcpu=cortex-m0plus -std=gnu11 -g3 -DDEBUG -DSTM32C031xx -DNUCLEO_C031C6 -DSTM32 -DSTM32C0 -DSTM32C031C6Tx -c -I../Inc -I"D:/TRABAJO/UMAKER/CURSOS/ARM - NUCLEO/STM32_FromScratch/SETIEMBRE-2023/SysTick_Polling/Drivers/CMSIS/Include" -I"D:/TRABAJO/UMAKER/CURSOS/ARM - NUCLEO/STM32_FromScratch/SETIEMBRE-2023/SysTick_Polling/Drivers/CMSIS/Device/ST/STM32C0xx/Include" -O0 -ffunction-sections -fdata-sections -Wall -fstack-usage -fcyclomatic-complexity -MMD -MP -MF"Src/main.d" -MT"Src/main.o" --specs=nano.specs -mfloat-abi=soft -mthumb -o "Src/main.o"
../Src/main.c: In function 'main':
../Src/main.c:38:14: warning: unused variable 'PC13' [-Wunused-variable]
   38 |         bool PC13;
      |              ^~~~
arm-none-eabi-gcc -o "SysTick_Polling.elf" @"objects.list"   -mcpu=cortex-m0plus -T"D:\TRABAJO\UMAKER\CURSOS\ARM - NUCLEO\STM32_FromScratch\SETIEMBRE-2023\SysTick_Polling\STM32C031C6TX_FLASH.ld" --specs=nosys.specs -Wl,-Map="SysTick_Polling.map" -Wl,--gc-sections -static --specs=nano.specs -mfloat-abi=soft -mthumb -Wl,--start-group -lc -lm -Wl,--end-group
Finished building target: SysTick_Polling.elf
 
arm-none-eabi-size   SysTick_Polling.elf 
arm-none-eabi-objdump -h -S  SysTick_Polling.elf  > "SysTick_Polling.list"
   text	   data	    bss	    dec	    hex	filename
   1284	     12	   1564	   2860	    b2c	SysTick_Polling.elf
Finished building: default.size.stdout
 
Finished building: SysTick_Polling.list
 
21:12:56 **** Incremental Build of configuration Debug for project SysTick_Polling ****
make -j8 all 
arm-none-eabi-size   SysTick_Polling.elf 
   text	   data	    bss	    dec	    hex	filename
   1284	     12	   1564	   2860	    b2c	SysTick_Polling.elf
Finished building: default.size.stdout
 
